#
# There is insufficient memory for the Java Runtime Environment to continue.
# Native memory allocation (mmap) failed to map 65536 bytes. Error detail: Failed to commit metaspace.
# Possible reasons:
#   The system is out of physical RAM or swap space
#   This process is running with CompressedOops enabled, and the Java Heap may be blocking the growth of the native heap
# Possible solutions:
#   Reduce memory load on the system
#   Increase physical memory or swap space
#   Check if swap backing store is full
#   Decrease Java heap size (-Xmx/-Xms)
#   Decrease number of Java threads
#   Decrease Java thread stack sizes (-Xss)
#   Set larger code cache with -XX:ReservedCodeCacheSize=
#   JVM is running with Unscaled Compressed Oops mode in which the Java heap is
#     placed in the first 4GB address space. The Java Heap base address is the
#     maximum limit for the native heap growth. Please use -XX:HeapBaseMinAddress
#     to set the Java Heap base and to place the Java Heap above 4GB virtual address.
# This output file may be truncated or incomplete.
#
#  Out of Memory Error (virtualSpaceNode.cpp:113), pid=12088, tid=2168
#
# JRE version: OpenJDK Runtime Environment (24.0.1+9) (build 24.0.1+9-30)
# Java VM: OpenJDK 64-Bit Server VM (24.0.1+9-30, mixed mode, emulated-client, sharing, tiered, compressed oops, compressed class ptrs, g1 gc, windows-amd64)
# No core dump will be written. Minidumps are not enabled by default on client versions of Windows
#

---------------  S U M M A R Y ------------

Command Line: -XX:TieredStopAtLevel=1 -Dspring.output.ansi.enabled=always -Dcom.sun.management.jmxremote -Dspring.jmx.enabled=true -Dspring.liveBeansView.mbeanDomain -Dspring.application.admin.enabled=true -Dmanagement.endpoints.jmx.exposure.include=* -javaagent:C:\Program Files\JetBrains\IntelliJ IDEA 2024.3.5\lib\idea_rt.jar=50441 -Dfile.encoding=UTF-8 -Dsun.stdout.encoding=UTF-8 -Dsun.stderr.encoding=UTF-8 com.ismail.Jobapp.JobappApplication

Host: Intel(R) Core(TM) i7-4600U CPU @ 2.10GHz, 4 cores, 7G,  Windows 10 , 64 bit Build 19041 (10.0.19041.5678)
Time: Mon May 12 17:06:54 2025 Maroc (heure d64 bit Build 19041 (10.0.19041.5678) elapsed time: 33.883230 seconds (0d 0h 0m 33s)

---------------  T H R E A D  ---------------

Current thread (0x000001d5926c1c70):  JavaThread "http-nio-8080-exec-2" daemon [_thread_in_vm, id=2168, stack(0x0000008f3c200000,0x0000008f3c300000) (1024K)]

Stack: [0x0000008f3c200000,0x0000008f3c300000]
Native frames: (J=compiled Java code, j=interpreted, Vv=VM code, C=native code)
V  [jvm.dll+0x730739]  (no source info available)
V  [jvm.dll+0x8d9b23]  (no source info available)
V  [jvm.dll+0x8dc00d]  (no source info available)
V  [jvm.dll+0x8dc683]  (no source info available)
V  [jvm.dll+0x2aa086]  (no source info available)
V  [jvm.dll+0x8d56de]  (no source info available)
V  [jvm.dll+0x6ccd85]  (no source info available)
V  [jvm.dll+0x20a71c]  (no source info available)
V  [jvm.dll+0x20a4ee]  (no source info available)
V  [jvm.dll+0x6cf9a7]  (no source info available)
V  [jvm.dll+0x6cf567]  (no source info available)
V  [jvm.dll+0x24c75c]  (no source info available)
V  [jvm.dll+0x6cd7a8]  (no source info available)
V  [jvm.dll+0x6df8a9]  (no source info available)
V  [jvm.dll+0x6d8c2e]  (no source info available)
V  [jvm.dll+0x413081]  (no source info available)
C  0x000001d5445bb875  (no source info available)

The last pc belongs to method entry point (kind = zerolocals) (printed below).
Java frames: (J=compiled Java code, j=interpreted, Vv=VM code)
j  org.eclipse.jdt.internal.compiler.lookup.PackageBinding.getTypeOrPackage([CLorg/eclipse/jdt/internal/compiler/lookup/ModuleBinding;Z)Lorg/eclipse/jdt/internal/compiler/lookup/Binding;+0
j  org.eclipse.jdt.internal.compiler.lookup.CompilationUnitScope.getDefaultImports()[Lorg/eclipse/jdt/internal/compiler/lookup/ImportBinding;+53
j  org.eclipse.jdt.internal.compiler.lookup.CompilationUnitScope.checkAndSetImports()V+204
j  org.eclipse.jdt.internal.compiler.lookup.LookupEnvironment.completeTypeBindings()V+45
j  org.eclipse.jdt.internal.compiler.Compiler.internalBeginToCompile([Lorg/eclipse/jdt/internal/compiler/env/ICompilationUnit;I)V+365
j  org.eclipse.jdt.internal.compiler.Compiler.beginToCompile([Lorg/eclipse/jdt/internal/compiler/env/ICompilationUnit;)V+19
j  org.eclipse.jdt.internal.compiler.Compiler.compile([Lorg/eclipse/jdt/internal/compiler/env/ICompilationUnit;Z)V+45
j  org.eclipse.jdt.internal.compiler.Compiler.compile([Lorg/eclipse/jdt/internal/compiler/env/ICompilationUnit;)V+3
j  org.apache.jasper.compiler.JDTCompiler.generateClass(Ljava/util/Map;)V+1953
j  org.apache.jasper.compiler.Compiler.compile(ZZ)V+98
j  org.apache.jasper.compiler.Compiler.compile(Z)V+3
j  org.apache.jasper.compiler.Compiler.compile()V+2
j  org.apache.jasper.JspCompilationContext.compile()V+50
j  org.apache.jasper.servlet.JspServletWrapper.service(Ljakarta/servlet/http/HttpServletRequest;Ljakarta/servlet/http/HttpServletResponse;Z)V+132
j  org.apache.jasper.servlet.JspServlet.serviceJspFile(Ljakarta/servlet/http/HttpServletRequest;Ljakarta/servlet/http/HttpServletResponse;Ljava/lang/String;Z)V+112
j  org.apache.jasper.servlet.JspServlet.service(Ljakarta/servlet/http/HttpServletRequest;Ljakarta/servlet/http/HttpServletResponse;)V+230
j  jakarta.servlet.http.HttpServlet.service(Ljakarta/servlet/ServletRequest;Ljakarta/servlet/ServletResponse;)V+37
j  org.apache.catalina.core.ApplicationFilterChain.internalDoFilter(Ljakarta/servlet/ServletRequest;Ljakarta/servlet/ServletResponse;)V+300
j  org.apache.catalina.core.ApplicationFilterChain.doFilter(Ljakarta/servlet/ServletRequest;Ljakarta/servlet/ServletResponse;)V+99
j  org.apache.tomcat.websocket.server.WsFilter.doFilter(Ljakarta/servlet/ServletRequest;Ljakarta/servlet/ServletResponse;Ljakarta/servlet/FilterChain;)V+21
j  org.apache.catalina.core.ApplicationFilterChain.internalDoFilter(Ljakarta/servlet/ServletRequest;Ljakarta/servlet/ServletResponse;)V+130
j  org.apache.catalina.core.ApplicationFilterChain.doFilter(Ljakarta/servlet/ServletRequest;Ljakarta/servlet/ServletResponse;)V+99
j  org.springframework.web.filter.OncePerRequestFilter.doFilter(Ljakarta/servlet/ServletRequest;Ljakarta/servlet/ServletResponse;Ljakarta/servlet/FilterChain;)V+125
j  org.apache.catalina.core.ApplicationFilterChain.internalDoFilter(Ljakarta/servlet/ServletRequest;Ljakarta/servlet/ServletResponse;)V+130
j  org.apache.catalina.core.ApplicationFilterChain.doFilter(Ljakarta/servlet/ServletRequest;Ljakarta/servlet/ServletResponse;)V+99
j  org.springframework.web.filter.OncePerRequestFilter.doFilter(Ljakarta/servlet/ServletRequest;Ljakarta/servlet/ServletResponse;Ljakarta/servlet/FilterChain;)V+125
j  org.apache.catalina.core.ApplicationFilterChain.internalDoFilter(Ljakarta/servlet/ServletRequest;Ljakarta/servlet/ServletResponse;)V+130
j  org.apache.catalina.core.ApplicationFilterChain.doFilter(Ljakarta/servlet/ServletRequest;Ljakarta/servlet/ServletResponse;)V+99
j  org.springframework.web.filter.OncePerRequestFilter.doFilter(Ljakarta/servlet/ServletRequest;Ljakarta/servlet/ServletResponse;Ljakarta/servlet/FilterChain;)V+125
j  org.apache.catalina.core.ApplicationFilterChain.internalDoFilter(Ljakarta/servlet/ServletRequest;Ljakarta/servlet/ServletResponse;)V+130
j  org.apache.catalina.core.ApplicationFilterChain.doFilter(Ljakarta/servlet/ServletRequest;Ljakarta/servlet/ServletResponse;)V+99
j  org.apache.catalina.core.ApplicationDispatcher.invoke(Ljakarta/servlet/ServletRequest;Ljakarta/servlet/ServletResponse;Lorg/apache/catalina/core/ApplicationDispatcher$State;)V+344
j  org.apache.catalina.core.ApplicationDispatcher.processRequest(Ljakarta/servlet/ServletRequest;Ljakarta/servlet/ServletResponse;Lorg/apache/catalina/core/ApplicationDispatcher$State;)V+90
j  org.apache.catalina.core.ApplicationDispatcher.doForward(Ljakarta/servlet/ServletRequest;Ljakarta/servlet/ServletResponse;)V+334
j  org.apache.catalina.core.ApplicationDispatcher.forward(Ljakarta/servlet/ServletRequest;Ljakarta/servlet/ServletResponse;)V+55
j  org.springframework.web.servlet.view.InternalResourceView.renderMergedOutputModel(Ljava/util/Map;Ljakarta/servlet/http/HttpServletRequest;Ljakarta/servlet/http/HttpServletResponse;)V+145
j  org.springframework.web.servlet.view.AbstractView.render(Ljava/util/Map;Ljakarta/servlet/http/HttpServletRequest;Ljakarta/servlet/http/HttpServletResponse;)V+97
j  org.springframework.web.servlet.DispatcherServlet.render(Lorg/springframework/web/servlet/ModelAndView;Ljakarta/servlet/http/HttpServletRequest;Ljakarta/servlet/http/HttpServletResponse;)V+224
j  org.springframework.web.servlet.DispatcherServlet.processDispatchResult(Ljakarta/servlet/http/HttpServletRequest;Ljakarta/servlet/http/HttpServletResponse;Lorg/springframework/web/servlet/HandlerExecutionChain;Lorg/springframework/web/servlet/ModelAndView;Ljava/lang/Exception;)V+103
j  org.springframework.web.servlet.DispatcherServlet.doDispatch(Ljakarta/servlet/http/HttpServletRequest;Ljakarta/servlet/http/HttpServletResponse;)V+428
j  org.springframework.web.servlet.DispatcherServlet.doService(Ljakarta/servlet/http/HttpServletRequest;Ljakarta/servlet/http/HttpServletResponse;)V+242
j  org.springframework.web.servlet.FrameworkServlet.processRequest(Ljakarta/servlet/http/HttpServletRequest;Ljakarta/servlet/http/HttpServletResponse;)V+70
j  org.springframework.web.servlet.FrameworkServlet.doGet(Ljakarta/servlet/http/HttpServletRequest;Ljakarta/servlet/http/HttpServletResponse;)V+3
j  jakarta.servlet.http.HttpServlet.service(Ljakarta/servlet/http/HttpServletRequest;Ljakarta/servlet/http/HttpServletResponse;)V+35
j  org.springframework.web.servlet.FrameworkServlet.service(Ljakarta/servlet/http/HttpServletRequest;Ljakarta/servlet/http/HttpServletResponse;)V+20
j  jakarta.servlet.http.HttpServlet.service(Ljakarta/servlet/ServletRequest;Ljakarta/servlet/ServletResponse;)V+37
j  org.apache.catalina.core.ApplicationFilterChain.internalDoFilter(Ljakarta/servlet/ServletRequest;Ljakarta/servlet/ServletResponse;)V+300
j  org.apache.catalina.core.ApplicationFilterChain.doFilter(Ljakarta/servlet/ServletRequest;Ljakarta/servlet/ServletResponse;)V+99
j  org.apache.tomcat.websocket.server.WsFilter.doFilter(Ljakarta/servlet/ServletRequest;Ljakarta/servlet/ServletResponse;Ljakarta/servlet/FilterChain;)V+21
j  org.apache.catalina.core.ApplicationFilterChain.internalDoFilter(Ljakarta/servlet/ServletRequest;Ljakarta/servlet/ServletResponse;)V+130
j  org.apache.catalina.core.ApplicationFilterChain.doFilter(Ljakarta/servlet/ServletRequest;Ljakarta/servlet/ServletResponse;)V+99
j  org.springframework.web.filter.RequestContextFilter.doFilterInternal(Ljakarta/servlet/http/HttpServletRequest;Ljakarta/servlet/http/HttpServletResponse;Ljakarta/servlet/FilterChain;)V+21
j  org.springframework.web.filter.OncePerRequestFilter.doFilter(Ljakarta/servlet/ServletRequest;Ljakarta/servlet/ServletResponse;Ljakarta/servlet/FilterChain;)V+150
j  org.apache.catalina.core.ApplicationFilterChain.internalDoFilter(Ljakarta/servlet/ServletRequest;Ljakarta/servlet/ServletResponse;)V+130
j  org.apache.catalina.core.ApplicationFilterChain.doFilter(Ljakarta/servlet/ServletRequest;Ljakarta/servlet/ServletResponse;)V+99
j  org.springframework.web.filter.FormContentFilter.doFilterInternal(Ljakarta/servlet/http/HttpServletRequest;Ljakarta/servlet/http/HttpServletResponse;Ljakarta/servlet/FilterChain;)V+38
j  org.springframework.web.filter.OncePerRequestFilter.doFilter(Ljakarta/servlet/ServletRequest;Ljakarta/servlet/ServletResponse;Ljakarta/servlet/FilterChain;)V+150
j  org.apache.catalina.core.ApplicationFilterChain.internalDoFilter(Ljakarta/servlet/ServletRequest;Ljakarta/servlet/ServletResponse;)V+130
j  org.apache.catalina.core.ApplicationFilterChain.doFilter(Ljakarta/servlet/ServletRequest;Ljakarta/servlet/ServletResponse;)V+99
j  org.springframework.web.filter.CharacterEncodingFilter.doFilterInternal(Ljakarta/servlet/http/HttpServletRequest;Ljakarta/servlet/http/HttpServletResponse;Ljakarta/servlet/FilterChain;)V+53
j  org.springframework.web.filter.OncePerRequestFilter.doFilter(Ljakarta/servlet/ServletRequest;Ljakarta/servlet/ServletResponse;Ljakarta/servlet/FilterChain;)V+150
j  org.apache.catalina.core.ApplicationFilterChain.internalDoFilter(Ljakarta/servlet/ServletRequest;Ljakarta/servlet/ServletResponse;)V+130
j  org.apache.catalina.core.ApplicationFilterChain.doFilter(Ljakarta/servlet/ServletRequest;Ljakarta/servlet/ServletResponse;)V+99
j  org.apache.catalina.core.StandardWrapperValve.invoke(Lorg/apache/catalina/connector/Request;Lorg/apache/catalina/connector/Response;)V+511
j  org.apache.catalina.core.StandardContextValve.invoke(Lorg/apache/catalina/connector/Request;Lorg/apache/catalina/connector/Response;)V+169
j  org.apache.catalina.authenticator.AuthenticatorBase.invoke(Lorg/apache/catalina/connector/Request;Lorg/apache/catalina/connector/Response;)V+221
j  org.apache.catalina.core.StandardHostValve.invoke(Lorg/apache/catalina/connector/Request;Lorg/apache/catalina/connector/Response;)V+131
j  org.apache.catalina.valves.ErrorReportValve.invoke(Lorg/apache/catalina/connector/Request;Lorg/apache/catalina/connector/Response;)V+6
j  org.apache.catalina.core.StandardEngineValve.invoke(Lorg/apache/catalina/connector/Request;Lorg/apache/catalina/connector/Response;)V+59
j  org.apache.catalina.connector.CoyoteAdapter.service(Lorg/apache/coyote/Request;Lorg/apache/coyote/Response;)V+188
j  org.apache.coyote.http11.Http11Processor.service(Lorg/apache/tomcat/util/net/SocketWrapperBase;)Lorg/apache/tomcat/util/net/AbstractEndpoint$Handler$SocketState;+796
j  org.apache.coyote.AbstractProcessorLight.process(Lorg/apache/tomcat/util/net/SocketWrapperBase;Lorg/apache/tomcat/util/net/SocketEvent;)Lorg/apache/tomcat/util/net/AbstractEndpoint$Handler$SocketState;+155
j  org.apache.coyote.AbstractProtocol$ConnectionHandler.process(Lorg/apache/tomcat/util/net/SocketWrapperBase;Lorg/apache/tomcat/util/net/SocketEvent;)Lorg/apache/tomcat/util/net/AbstractEndpoint$Handler$SocketState;+477
j  org.apache.tomcat.util.net.NioEndpoint$SocketProcessor.doRun()V+222
j  org.apache.tomcat.util.net.SocketProcessorBase.run()V+32
j  org.apache.tomcat.util.threads.ThreadPoolExecutor.runWorker(Lorg/apache/tomcat/util/threads/ThreadPoolExecutor$Worker;)V+92
j  org.apache.tomcat.util.threads.ThreadPoolExecutor$Worker.run()V+5
j  org.apache.tomcat.util.threads.TaskThread$WrappingRunnable.run()V+4
j  java.lang.Thread.runWith(Ljava/lang/Object;Ljava/lang/Runnable;)V+5 java.base@24.0.1
j  java.lang.Thread.run()V+19 java.base@24.0.1
v  ~StubRoutines::call_stub 0x000001d5445b0fcd
Lock stack of current Java thread (top to bottom):

method entry point (kind = zerolocals)  [0x000001d5445bb760, 0x000001d5445bb9f8]  664 bytes
[MachCode]
  0x000001d5445bb760: 488b 5308 | 0fb7 4a2e | 0fb7 522c | 2bd1 81fa | f501 0000 | 0f86 2500 | 0000 488b | c248 c1e0 
  0x000001d5445bb780: 0348 83c0 | 5849 0387 | d804 0000 | 483b e00f | 870a 0000 | 0058 498b | e550 e941 | aeff ff58 
  0x000001d5445bb7a0: 4c8d 74cc | f885 d20f | 8e09 0000 | 0068 0000 | 0000 ffca | 7ff7 5055 | 488b ec41 | 5568 0000 
  0x000001d5445bb7c0: 0000 4c8b | 6b08 4d8d | 6d38 5348 | 8b53 0848 | 8b52 0848 | 8b52 1848 | 8b52 7048 | 8b12 5268 
  0x000001d5445bb7e0: 0000 0000 | 488b 5308 | 488b 5208 | 488b 5210 | 5249 8bc6 | 482b c548 | c1e8 0350 | 4155 68f7 
  0x000001d5445bb800: ffff ff41 | c687 7104 | 0000 0148 | 8b43 1848 | 85c0 0f85 | b000 0000 | e805 0000 | 00e9 9900 
  0x000001d5445bb820: 0000 488b | d348 8d44 | 2408 4c89 | 6dc0 498b | cfc5 f877 | 4989 afb8 | 0300 0049 | 8987 a803 
  0x000001d5445bb840: 0000 4883 | ec20 40f6 | c40f 0f84 | 1900 0000 | 4883 ec08 | 48b8 6030 | aefb fa7f | 0000 ffd0 
  0x000001d5445bb860: 4883 c408 | e90c 0000 | 0048 b860 | 30ae fbfa | 7f00 00ff | d048 83c4 | 2049 c787 | a803 0000 
  0x000001d5445bb880: 0000 0000 | 49c7 87b8 | 0300 0000 | 0000 0049 | c787 b003 | 0000 0000 | 0000 c5f8 | 7749 837f 
  0x000001d5445bb8a0: 0800 0f84 | 0500 0000 | e913 56ff | ff4c 8b6d | c04c 8b75 | c84e 8d74 | f500 c348 | 8b43 1848 
  0x000001d5445bb8c0: 85c0 0f84 | 1000 0000 | 8b08 83c1 | 0289 0823 | 4814 0f84 | 7000 0000 | 493b a7f0 | 0400 000f 
  0x000001d5445bb8e0: 8748 0000 | 0089 8424 | 00f0 ffff | 8984 2400 | e0ff ff89 | 8424 00d0 | ffff 8984 | 2400 c0ff 
  0x000001d5445bb900: ff89 8424 | 00b0 ffff | 8984 2400 | a0ff ff89 | 8424 0090 | ffff 8984 | 2400 80ff | ff49 3ba7 
  0x000001d5445bb920: e804 0000 | 7607 4989 | a7f0 0400 | 0041 c687 | 7104 0000 | 0041 0fb6 | 5d00 49ba | 3091 3afc 
  0x000001d5445bb940: fa7f 0000 | 41ff 24da | ba00 0000 | 00e8 0500 | 0000 e996 | 0000 0048 | 8d44 2408 | 4c89 6dc0 
  0x000001d5445bb960: 498b cfc5 | f877 4989 | afb8 0300 | 0049 8987 | a803 0000 | 4883 ec20 | 40f6 c40f | 0f84 1900 
  0x000001d5445bb980: 0000 4883 | ec08 48b8 | 303f aefb | fa7f 0000 | ffd0 4883 | c408 e90c | 0000 0048 | b830 3fae 
  0x000001d5445bb9a0: fbfa 7f00 | 00ff d048 | 83c4 2049 | c787 a803 | 0000 0000 | 0000 49c7 | 87b8 0300 | 0000 0000 
  0x000001d5445bb9c0: 0049 c787 | b003 0000 | 0000 0000 | c5f8 7749 | 837f 0800 | 0f84 0500 | 0000 e9e1 | 54ff ff4c 
  0x000001d5445bb9e0: 8b6d c04c | 8b75 c84e | 8d74 f500 | c348 8b5d | e8e9 e2fe | ffff 6690 
[/MachCode]

---------------  P R O C E S S  ---------------

Threads class SMR info:
_java_thread_list=0x000001d592e471b0, length=31, elements={
0x000001d54c0fa060, 0x000001d54c0fafd0, 0x000001d54c0fef60, 0x000001d54c100aa0,
0x000001d54c1015d0, 0x000001d54c102380, 0x000001d54c102eb0, 0x000001d54c21e340,
0x000001d54c4f4ce0, 0x000001d54c4f5420, 0x000001d54cc7edd0, 0x000001d54cc844e0,
0x000001d54cca6f50, 0x000001d54ccb90e0, 0x000001d54cd71bd0, 0x000001d5926c4100,
0x000001d5926c3260, 0x000001d5926c1520, 0x000001d5926c4850, 0x000001d5926c1c70,
0x000001d5926c23c0, 0x000001d592e85fa0, 0x000001d592e83b10, 0x000001d592e85100,
0x000001d592e866f0, 0x000001d592e87590, 0x000001d592e84260, 0x000001d592e85850,
0x000001d592e849b0, 0x000001d592e88b80, 0x000001d592e86e40
}

Java Threads: ( => current thread )
  0x000001d54c0fa060 JavaThread "Reference Handler"          daemon [_thread_blocked, id=2384, stack(0x0000008f3a700000,0x0000008f3a800000) (1024K)]
  0x000001d54c0fafd0 JavaThread "Finalizer"                  daemon [_thread_blocked, id=3476, stack(0x0000008f3a800000,0x0000008f3a900000) (1024K)]
  0x000001d54c0fef60 JavaThread "Signal Dispatcher"          daemon [_thread_blocked, id=8316, stack(0x0000008f3a900000,0x0000008f3aa00000) (1024K)]
  0x000001d54c100aa0 JavaThread "Attach Listener"            daemon [_thread_blocked, id=1856, stack(0x0000008f3aa00000,0x0000008f3ab00000) (1024K)]
  0x000001d54c1015d0 JavaThread "Service Thread"             daemon [_thread_blocked, id=1220, stack(0x0000008f3ab00000,0x0000008f3ac00000) (1024K)]
  0x000001d54c102380 JavaThread "Monitor Deflation Thread"   daemon [_thread_blocked, id=436, stack(0x0000008f3ac00000,0x0000008f3ad00000) (1024K)]
  0x000001d54c102eb0 JavaThread "C1 CompilerThread0"         daemon [_thread_blocked, id=5688, stack(0x0000008f3ad00000,0x0000008f3ae00000) (1024K)]
  0x000001d54c21e340 JavaThread "Common-Cleaner"             daemon [_thread_blocked, id=344, stack(0x0000008f3ae00000,0x0000008f3af00000) (1024K)]
  0x000001d54c4f4ce0 JavaThread "Monitor Ctrl-Break"         daemon [_thread_in_native, id=9288, stack(0x0000008f3b100000,0x0000008f3b200000) (1024K)]
  0x000001d54c4f5420 JavaThread "Notification Thread"        daemon [_thread_blocked, id=11580, stack(0x0000008f3b200000,0x0000008f3b300000) (1024K)]
  0x000001d54cc7edd0 JavaThread "RMI TCP Accept-0"           daemon [_thread_in_native, id=10356, stack(0x0000008f3b300000,0x0000008f3b400000) (1024K)]
  0x000001d54cc844e0 JavaThread "RMI TCP Connection(1)-192.168.1.119" daemon [_thread_in_native, id=432, stack(0x0000008f3b400000,0x0000008f3b500000) (1024K)]
  0x000001d54cca6f50 JavaThread "RMI Scheduler(0)"           daemon [_thread_blocked, id=1744, stack(0x0000008f3b500000,0x0000008f3b600000) (1024K)]
  0x000001d54ccb90e0 JavaThread "JMX server connection timeout 29" daemon [_thread_blocked, id=9388, stack(0x0000008f3b600000,0x0000008f3b700000) (1024K)]
  0x000001d54cd71bd0 JavaThread "RMI TCP Connection(idle)"   daemon [_thread_blocked, id=11336, stack(0x0000008f3b700000,0x0000008f3b800000) (1024K)]
  0x000001d5926c4100 JavaThread "Catalina-utility-1"                [_thread_blocked, id=10164, stack(0x0000008f3be00000,0x0000008f3bf00000) (1024K)]
  0x000001d5926c3260 JavaThread "Catalina-utility-2"                [_thread_blocked, id=10620, stack(0x0000008f3bf00000,0x0000008f3c000000) (1024K)]
  0x000001d5926c1520 JavaThread "container-0"                       [_thread_blocked, id=11796, stack(0x0000008f3c000000,0x0000008f3c100000) (1024K)]
  0x000001d5926c4850 JavaThread "http-nio-8080-exec-1"       daemon [_thread_blocked, id=8532, stack(0x0000008f3c100000,0x0000008f3c200000) (1024K)]
=>0x000001d5926c1c70 JavaThread "http-nio-8080-exec-2"       daemon [_thread_in_vm, id=2168, stack(0x0000008f3c200000,0x0000008f3c300000) (1024K)]
  0x000001d5926c23c0 JavaThread "http-nio-8080-exec-3"       daemon [_thread_blocked, id=9836, stack(0x0000008f3c300000,0x0000008f3c400000) (1024K)]
  0x000001d592e85fa0 JavaThread "http-nio-8080-exec-4"       daemon [_thread_blocked, id=11372, stack(0x0000008f3c400000,0x0000008f3c500000) (1024K)]
  0x000001d592e83b10 JavaThread "http-nio-8080-exec-5"       daemon [_thread_blocked, id=10644, stack(0x0000008f3c500000,0x0000008f3c600000) (1024K)]
  0x000001d592e85100 JavaThread "http-nio-8080-exec-6"       daemon [_thread_blocked, id=12084, stack(0x0000008f3c600000,0x0000008f3c700000) (1024K)]
  0x000001d592e866f0 JavaThread "http-nio-8080-exec-7"       daemon [_thread_blocked, id=7484, stack(0x0000008f3c700000,0x0000008f3c800000) (1024K)]
  0x000001d592e87590 JavaThread "http-nio-8080-exec-8"       daemon [_thread_blocked, id=10612, stack(0x0000008f3c800000,0x0000008f3c900000) (1024K)]
  0x000001d592e84260 JavaThread "http-nio-8080-exec-9"       daemon [_thread_blocked, id=1916, stack(0x0000008f3c900000,0x0000008f3ca00000) (1024K)]
  0x000001d592e85850 JavaThread "http-nio-8080-exec-10"      daemon [_thread_blocked, id=1248, stack(0x0000008f3ca00000,0x0000008f3cb00000) (1024K)]
  0x000001d592e849b0 JavaThread "http-nio-8080-Poller"       daemon [_thread_in_vm, id=10828, stack(0x0000008f3cb00000,0x0000008f3cc00000) (1024K)]
  0x000001d592e88b80 JavaThread "http-nio-8080-Acceptor"     daemon [_thread_in_native, id=5004, stack(0x0000008f3cc00000,0x0000008f3cd00000) (1024K)]
  0x000001d592e86e40 JavaThread "DestroyJavaVM"                     [_thread_blocked, id=9828, stack(0x0000008f39d00000,0x0000008f39e00000) (1024K)]
Total: 31

Other Threads:
  0x000001d54c0e92e0 VMThread "VM Thread"                           [id=9812, stack(0x0000008f3a500000,0x0000008f3a600000) (1024K)]
  0x000001d54c0dd790 WatcherThread "VM Periodic Task Thread"        [id=10396, stack(0x0000008f3a400000,0x0000008f3a500000) (1024K)]
  0x000001d53bd624b0 WorkerThread "GC Thread#0"                     [id=8856, stack(0x0000008f39f00000,0x0000008f3a000000) (1024K)]
  0x000001d54ce4fe10 WorkerThread "GC Thread#1"                     [id=10272, stack(0x0000008f3b800000,0x0000008f3b900000) (1024K)]
  0x000001d54ce4c770 WorkerThread "GC Thread#2"                     [id=3352, stack(0x0000008f3b900000,0x0000008f3ba00000) (1024K)]
  0x000001d54ce30150 WorkerThread "GC Thread#3"                     [id=2356, stack(0x0000008f3ba00000,0x0000008f3bb00000) (1024K)]
  0x000001d53bd767e0 ConcurrentGCThread "G1 Main Marker"            [id=8288, stack(0x0000008f3a000000,0x0000008f3a100000) (1024K)]
  0x000001d53bd77200 WorkerThread "G1 Conc#0"                       [id=7244, stack(0x0000008f3a100000,0x0000008f3a200000) (1024K)]
  0x000001d54bfb1140 ConcurrentGCThread "G1 Refine#0"               [id=5368, stack(0x0000008f3a200000,0x0000008f3a300000) (1024K)]
  0x000001d54bfb1970 ConcurrentGCThread "G1 Service"                [id=8964, stack(0x0000008f3a300000,0x0000008f3a400000) (1024K)]
Total: 10

Threads with active compile tasks:
Total: 0

VM state: not at safepoint (normal execution)

VM Mutex/Monitor currently owned by a thread:  ([mutex/lock_event])
[0x00007ffafc3924b0] Metaspace_lock - owner thread: 0x000001d5926c1c70

Heap address: 0x0000000084e00000, size: 1970 MB, Compressed Oops mode: 32-bit

CDS archive(s) mapped at: [0x000001d54d000000-0x000001d54dd40000-0x000001d54dd40000), size 13893632, SharedBaseAddress: 0x000001d54d000000, ArchiveRelocationMode: 1.
Compressed class space mapped at: 0x000001d54e000000-0x000001d58e000000, reserved size: 1073741824
UseCompressedClassPointers 1, UseCompactObjectHeaders 0
Narrow klass pointer bits 32, Max shift 3
Narrow klass base: 0x000001d54d000000, Narrow klass shift: 0
Encoding Range: [0x000001d54d000000 - 0x000001d64d000000), (4294967296 bytes)
Klass Range:    [0x000001d54d000000 - 0x000001d58e000000), (1090519040 bytes)
Klass ID Range:  [8 - 1090519033) (1090519025)

GC Precious Log:
 CardTable entry size: 512
 Card Set container configuration: InlinePtr #cards 5 size 8 Array Of Cards #cards 10 size 36 Howl #buckets 4 coarsen threshold 1843 Howl Bitmap #cards 512 size 80 coarsen threshold 460 Card regions per heap region 1 cards per card region 2048
 CPUs: 4 total, 4 available
 Memory: 7879M
 Large Page Support: Disabled
 NUMA Support: Disabled
 Compressed Oops: Enabled (32-bit)
 Heap Region Size: 1M
 Heap Min Capacity: 8M
 Heap Initial Capacity: 124M
 Heap Max Capacity: 1970M
 Pre-touch: Disabled
 Parallel Workers: 4
 Concurrent Workers: 1
 Concurrent Refinement Workers: 4
 Periodic GC: Disabled

Heap:
 garbage-first heap   total reserved 2017280K, committed 48128K, used 27233K [0x0000000084e00000, 0x0000000100000000)
  region size 1024K, 11 young (11264K), 3 survivors (3072K)
 Metaspace       used 37718K, committed 38208K, reserved 1114112K
  class space    used 4087K, committed 4352K, reserved 1048576K

Heap Regions: E=young(eden), S=young(survivor), O=old, HS=humongous(starts), HC=humongous(continues), CS=collection set, F=free, TAMS=top-at-mark-start, PB=parsable bottom
|   0|0x0000000084e00000, 0x0000000084f00000, 0x0000000084f00000|100%| O|  |TAMS 0x0000000084e00000| PB 0x0000000084e00000| Untracked |  0
|   1|0x0000000084f00000, 0x0000000085000000, 0x0000000085000000|100%| O|  |TAMS 0x0000000084f00000| PB 0x0000000084f00000| Untracked |  0
|   2|0x0000000085000000, 0x0000000085100000, 0x0000000085100000|100%| O|  |TAMS 0x0000000085000000| PB 0x0000000085000000| Untracked |  0
|   3|0x0000000085100000, 0x0000000085200000, 0x0000000085200000|100%| O|  |TAMS 0x0000000085100000| PB 0x0000000085100000| Untracked |  0
|   4|0x0000000085200000, 0x0000000085300000, 0x0000000085300000|100%| O|  |TAMS 0x0000000085200000| PB 0x0000000085200000| Untracked |  0
|   5|0x0000000085300000, 0x000000008539ee80, 0x0000000085400000| 62%| O|Cm|TAMS 0x0000000085300000| PB 0x0000000085300000| Complete |  0
|   6|0x0000000085400000, 0x0000000085500000, 0x0000000085500000|100%| O|  |TAMS 0x0000000085400000| PB 0x0000000085400000| Untracked |  0
|   7|0x0000000085500000, 0x0000000085600000, 0x0000000085600000|100%| O|  |TAMS 0x0000000085500000| PB 0x0000000085500000| Untracked |  0
|   8|0x0000000085600000, 0x0000000085700000, 0x0000000085700000|100%| O|  |TAMS 0x0000000085600000| PB 0x0000000085600000| Untracked |  0
|   9|0x0000000085700000, 0x0000000085800000, 0x0000000085800000|100%| O|  |TAMS 0x0000000085700000| PB 0x0000000085700000| Untracked |  0
|  10|0x0000000085800000, 0x0000000085900000, 0x0000000085900000|100%| O|  |TAMS 0x0000000085800000| PB 0x0000000085800000| Untracked |  0
|  11|0x0000000085900000, 0x0000000085a00000, 0x0000000085a00000|100%| O|  |TAMS 0x0000000085900000| PB 0x0000000085900000| Untracked |  0
|  12|0x0000000085a00000, 0x0000000085b00000, 0x0000000085b00000|100%| O|  |TAMS 0x0000000085a00000| PB 0x0000000085a00000| Untracked |  0
|  13|0x0000000085b00000, 0x0000000085c00000, 0x0000000085c00000|100%| O|  |TAMS 0x0000000085b00000| PB 0x0000000085b00000| Untracked |  0
|  14|0x0000000085c00000, 0x0000000085d00000, 0x0000000085d00000|100%| O|  |TAMS 0x0000000085c00000| PB 0x0000000085c00000| Untracked |  0
|  15|0x0000000085d00000, 0x0000000085dd6080, 0x0000000085e00000| 83%| O|  |TAMS 0x0000000085d00000| PB 0x0000000085d00000| Untracked |  0
|  16|0x0000000085e00000, 0x0000000085e00000, 0x0000000085f00000|  0%| F|  |TAMS 0x0000000085e00000| PB 0x0000000085e00000| Untracked |  0
|  17|0x0000000085f00000, 0x0000000086000000, 0x0000000086000000|100%| O|  |TAMS 0x0000000085f00000| PB 0x0000000085f00000| Untracked |  0
|  18|0x0000000086000000, 0x0000000086000000, 0x0000000086100000|  0%| F|  |TAMS 0x0000000086000000| PB 0x0000000086000000| Untracked |  0
|  19|0x0000000086100000, 0x0000000086100000, 0x0000000086200000|  0%| F|  |TAMS 0x0000000086100000| PB 0x0000000086100000| Untracked |  0
|  20|0x0000000086200000, 0x0000000086200000, 0x0000000086300000|  0%| F|  |TAMS 0x0000000086200000| PB 0x0000000086200000| Untracked |  0
|  21|0x0000000086300000, 0x0000000086300000, 0x0000000086400000|  0%| F|  |TAMS 0x0000000086300000| PB 0x0000000086300000| Untracked |  0
|  22|0x0000000086400000, 0x0000000086400000, 0x0000000086500000|  0%| F|  |TAMS 0x0000000086400000| PB 0x0000000086400000| Untracked |  0
|  23|0x0000000086500000, 0x0000000086500000, 0x0000000086600000|  0%| F|  |TAMS 0x0000000086500000| PB 0x0000000086500000| Untracked |  0
|  24|0x0000000086600000, 0x0000000086623598, 0x0000000086700000| 13%| S|CS|TAMS 0x0000000086600000| PB 0x0000000086600000| Complete |  0
|  25|0x0000000086700000, 0x0000000086700000, 0x0000000086800000|  0%| F|  |TAMS 0x0000000086700000| PB 0x0000000086700000| Untracked |  0
|  26|0x0000000086800000, 0x0000000086900000, 0x0000000086900000|100%| S|CS|TAMS 0x0000000086800000| PB 0x0000000086800000| Complete |  0
|  27|0x0000000086900000, 0x0000000086a00000, 0x0000000086a00000|100%| S|CS|TAMS 0x0000000086900000| PB 0x0000000086900000| Complete |  0
|  28|0x0000000086a00000, 0x0000000086a00000, 0x0000000086b00000|  0%| F|  |TAMS 0x0000000086a00000| PB 0x0000000086a00000| Untracked |  0
|  29|0x0000000086b00000, 0x0000000086b00000, 0x0000000086c00000|  0%| F|  |TAMS 0x0000000086b00000| PB 0x0000000086b00000| Untracked |  0
|  30|0x0000000086c00000, 0x0000000086c00000, 0x0000000086d00000|  0%| F|  |TAMS 0x0000000086c00000| PB 0x0000000086c00000| Untracked |  0
|  31|0x0000000086d00000, 0x0000000086d00000, 0x0000000086e00000|  0%| F|  |TAMS 0x0000000086d00000| PB 0x0000000086d00000| Untracked |  0
|  32|0x0000000086e00000, 0x0000000086e00000, 0x0000000086f00000|  0%| F|  |TAMS 0x0000000086e00000| PB 0x0000000086e00000| Untracked |  0
|  33|0x0000000086f00000, 0x0000000086f00000, 0x0000000087000000|  0%| F|  |TAMS 0x0000000086f00000| PB 0x0000000086f00000| Untracked |  0
|  34|0x0000000087000000, 0x0000000087000000, 0x0000000087100000|  0%| F|  |TAMS 0x0000000087000000| PB 0x0000000087000000| Untracked |  0
|  35|0x0000000087100000, 0x0000000087100000, 0x0000000087200000|  0%| F|  |TAMS 0x0000000087100000| PB 0x0000000087100000| Untracked |  0
|  36|0x0000000087200000, 0x0000000087200000, 0x0000000087300000|  0%| F|  |TAMS 0x0000000087200000| PB 0x0000000087200000| Untracked |  0
|  37|0x0000000087300000, 0x0000000087300000, 0x0000000087400000|  0%| F|  |TAMS 0x0000000087300000| PB 0x0000000087300000| Untracked |  0
|  98|0x000000008b000000, 0x000000008b0fbfd8, 0x000000008b100000| 98%| E|  |TAMS 0x000000008b000000| PB 0x000000008b000000| Complete |  1
|  99|0x000000008b100000, 0x000000008b200000, 0x000000008b200000|100%| E|CS|TAMS 0x000000008b100000| PB 0x000000008b100000| Complete |  0
| 100|0x000000008b200000, 0x000000008b300000, 0x000000008b300000|100%| E|CS|TAMS 0x000000008b200000| PB 0x000000008b200000| Complete |  0
| 101|0x000000008b300000, 0x000000008b400000, 0x000000008b400000|100%| E|CS|TAMS 0x000000008b300000| PB 0x000000008b300000| Complete |  0
| 102|0x000000008b400000, 0x000000008b500000, 0x000000008b500000|100%| E|CS|TAMS 0x000000008b400000| PB 0x000000008b400000| Complete |  0
| 103|0x000000008b500000, 0x000000008b600000, 0x000000008b600000|100%| E|CS|TAMS 0x000000008b500000| PB 0x000000008b500000| Complete |  0
| 123|0x000000008c900000, 0x000000008ca00000, 0x000000008ca00000|100%| E|CS|TAMS 0x000000008c900000| PB 0x000000008c900000| Complete |  0
|1968|0x00000000ffe00000, 0x00000000fff00000, 0x00000000fff00000|100%| O|  |TAMS 0x00000000ffe00000| PB 0x00000000ffe00000| Untracked |  0
|1969|0x00000000fff00000, 0x0000000100000000, 0x0000000100000000|100%| E|CS|TAMS 0x00000000fff00000| PB 0x00000000fff00000| Complete |  0

Card table byte_map: [0x000001d547990000,0x000001d547d70000] _byte_map_base: 0x000001d547569000

Marking Bits: (CMBitMap*) 0x000001d53bd62ad0
 Bits: [0x000001d547d70000, 0x000001d549c38000)

Polling page: 0x000001d53b4e0000

Metaspace:

Usage:
  Non-class:     32.84 MB used.
      Class:      3.99 MB used.
       Both:     36.83 MB used.

Virtual space:
  Non-class space:       64.00 MB reserved,      33.06 MB ( 52%) committed,  1 nodes.
      Class space:        1.00 GB reserved,       4.25 MB ( <1%) committed,  1 nodes.
             Both:        1.06 GB reserved,      37.31 MB (  3%) committed. 

Chunk freelists:
   Non-Class:  14.42 MB
       Class:  11.70 MB
        Both:  26.12 MB

MaxMetaspaceSize: unlimited
CompressedClassSpaceSize: 1.00 GB
Initial GC threshold: 21.00 MB
Current GC threshold: 59.62 MB
CDS: on
 - commit_granule_bytes: 65536.
 - commit_granule_words: 8192.
 - virtual_space_node_default_size: 8388608.
 - enlarge_chunks_in_place: 1.
UseCompressedClassPointers 1, UseCompactObjectHeaders 0
Narrow klass pointer bits 32, Max shift 3
Narrow klass base: 0x000001d54d000000, Narrow klass shift: 0
Encoding Range: [0x000001d54d000000 - 0x000001d64d000000), (4294967296 bytes)
Klass Range:    [0x000001d54d000000 - 0x000001d58e000000), (1090519040 bytes)
Klass ID Range:  [8 - 1090519033) (1090519025)


Internal statistics:

num_allocs_failed_limit: 9.
num_arena_births: 628.
num_arena_deaths: 108.
num_vsnodes_births: 2.
num_vsnodes_deaths: 0.
num_space_committed: 597.
num_space_uncommitted: 0.
num_chunks_returned_to_freelist: 127.
num_chunks_taken_from_freelist: 1921.
num_chunk_merges: 33.
num_chunk_splits: 1294.
num_chunks_enlarged: 968.
num_inconsistent_stats: 0.

CodeCache: size=49152Kb used=7459Kb max_used=8094Kb free=41692Kb
 bounds [0x000001d5445b0000, 0x000001d544da0000, 0x000001d5475b0000]
 total_blobs=5616, nmethods=5028, adapters=514, full_count=0
Compilation: enabled, stopped_count=0, restarted_count=0

Compilation events (20 events):
Event: 33.387 Thread 0x000001d54c102eb0 5065       1       org.eclipse.jdt.internal.compiler.parser.Scanner::scanIdentifierOrKeyword (196 bytes)
Event: 33.387 Thread 0x000001d54c353060 5066       1       org.eclipse.jdt.internal.compiler.parser.Scanner::internalScanIdentifierOrKeyword (4773 bytes)
Event: 33.388 Thread 0x000001d54c102eb0 nmethod 5065 0x000001d54472f688 code [0x000001d54472f7e0, 0x000001d54472fae8]
Event: 33.388 Thread 0x000001d54c102eb0 5064       1       org.eclipse.jdt.core.compiler.CharOperation::isWhitespace (23 bytes)
Event: 33.388 Thread 0x000001d54c102eb0 nmethod 5064 0x000001d54472f388 code [0x000001d54472f4a0, 0x000001d54472f5b8]
Event: 33.388 Thread 0x000001d54c102eb0 5059       1       org.eclipse.jdt.internal.compiler.parser.Parser::isParsingModuleDeclaration (28 bytes)
Event: 33.388 Thread 0x000001d54c102eb0 nmethod 5059 0x000001d54472f088 code [0x000001d54472f1c0, 0x000001d54472f338]
Event: 33.388 Thread 0x000001d54c102eb0 5062       1       org.eclipse.jdt.core.compiler.CharOperation::equals (6 bytes)
Event: 33.388 Thread 0x000001d54c102eb0 nmethod 5062 0x000001d54472ed88 code [0x000001d54472eea0, 0x000001d54472ef60]
Event: 33.389 Thread 0x000001d54c102eb0 5063       1       java.util.Arrays::equals (43 bytes)
Event: 33.389 Thread 0x000001d54c102eb0 nmethod 5063 0x000001d54472ea88 code [0x000001d54472ebc0, 0x000001d54472ed40]
Event: 33.389 Thread 0x000001d54c102eb0 5060       1       org.eclipse.jdt.internal.compiler.ast.CompilationUnitDeclaration::getMainTypeName (85 bytes)
Event: 33.389 Thread 0x000001d54c102eb0 nmethod 5060 0x000001d54472e608 code [0x000001d54472e740, 0x000001d54472ea18]
Event: 33.389 Thread 0x000001d54c102eb0 5061       1       org.apache.jasper.compiler.JDTCompiler$1CompilationUnit::getMainTypeName (36 bytes)
Event: 33.390 Thread 0x000001d54c102eb0 nmethod 5061 0x000001d54472de08 code [0x000001d54472dfa0, 0x000001d54472e598]
Event: 33.390 Thread 0x000001d54c102eb0 5067       1       java.lang.invoke.BoundMethodHandle$Species_LL::copyWith (24 bytes)
Event: 33.390 Thread 0x000001d54c102eb0 nmethod 5067 0x000001d54472db08 code [0x000001d54472dc40, 0x000001d54472ddd0]
Event: 33.397 Thread 0x000001d54c353060 nmethod 5066 0x000001d544727988 code [0x000001d5447283a0, 0x000001d54472da70]
Event: 33.402 Thread 0x000001d54c353060 5068       1       java.lang.invoke.BoundMethodHandle::copyWith (7 bytes)
Event: 33.402 Thread 0x000001d54c353060 nmethod 5068 0x000001d544727688 code [0x000001d5447277a0, 0x000001d544727890]

GC Heap History (14 events):
Event: 1.250 GC heap before
{Heap before GC invocations=0 (full 0):
 garbage-first heap   total reserved 2017280K, committed 129024K, used 29808K [0x0000000084e00000, 0x0000000100000000)
  region size 1024K, 28 young (28672K), 0 survivors (0K)
 Metaspace       used 7711K, committed 7936K, reserved 1114112K
  class space    used 786K, committed 896K, reserved 1048576K
}
Event: 1.263 GC heap after
{Heap after GC invocations=1 (full 0):
 garbage-first heap   total reserved 2017280K, committed 129024K, used 6563K [0x0000000084e00000, 0x0000000100000000)
  region size 1024K, 4 young (4096K), 4 survivors (4096K)
 Metaspace       used 7711K, committed 7936K, reserved 1114112K
  class space    used 786K, committed 896K, reserved 1048576K
}
Event: 2.885 GC heap before
{Heap before GC invocations=1 (full 0):
 garbage-first heap   total reserved 2017280K, committed 129024K, used 56739K [0x0000000084e00000, 0x0000000100000000)
  region size 1024K, 54 young (55296K), 4 survivors (4096K)
 Metaspace       used 19042K, committed 19392K, reserved 1114112K
  class space    used 2106K, committed 2240K, reserved 1048576K
}
Event: 2.900 GC heap after
{Heap after GC invocations=2 (full 0):
 garbage-first heap   total reserved 2017280K, committed 129024K, used 10988K [0x0000000084e00000, 0x0000000100000000)
  region size 1024K, 4 young (4096K), 4 survivors (4096K)
 Metaspace       used 19042K, committed 19392K, reserved 1114112K
  class space    used 2106K, committed 2240K, reserved 1048576K
}
Event: 3.915 GC heap before
{Heap before GC invocations=2 (full 0):
 garbage-first heap   total reserved 2017280K, committed 129024K, used 30444K [0x0000000084e00000, 0x0000000100000000)
  region size 1024K, 24 young (24576K), 4 survivors (4096K)
 Metaspace       used 21188K, committed 21504K, reserved 1114112K
  class space    used 2368K, committed 2496K, reserved 1048576K
}
Event: 3.927 GC heap after
{Heap after GC invocations=3 (full 0):
 garbage-first heap   total reserved 2017280K, committed 129024K, used 12481K [0x0000000084e00000, 0x0000000100000000)
  region size 1024K, 6 young (6144K), 6 survivors (6144K)
 Metaspace       used 21188K, committed 21504K, reserved 1114112K
  class space    used 2368K, committed 2496K, reserved 1048576K
}
Event: 4.810 GC heap before
{Heap before GC invocations=4 (full 0):
 garbage-first heap   total reserved 2017280K, committed 48128K, used 35009K [0x0000000084e00000, 0x0000000100000000)
  region size 1024K, 28 young (28672K), 6 survivors (6144K)
 Metaspace       used 24917K, committed 25344K, reserved 1114112K
  class space    used 2827K, committed 3008K, reserved 1048576K
}
Event: 4.830 GC heap after
{Heap after GC invocations=5 (full 0):
 garbage-first heap   total reserved 2017280K, committed 48128K, used 14373K [0x0000000084e00000, 0x0000000100000000)
  region size 1024K, 4 young (4096K), 4 survivors (4096K)
 Metaspace       used 24917K, committed 25344K, reserved 1114112K
  class space    used 2827K, committed 3008K, reserved 1048576K
}
Event: 5.547 GC heap before
{Heap before GC invocations=5 (full 0):
 garbage-first heap   total reserved 2017280K, committed 48128K, used 34853K [0x0000000084e00000, 0x0000000100000000)
  region size 1024K, 24 young (24576K), 4 survivors (4096K)
 Metaspace       used 27377K, committed 27840K, reserved 1114112K
  class space    used 3105K, committed 3328K, reserved 1048576K
}
Event: 5.557 GC heap after
{Heap after GC invocations=6 (full 0):
 garbage-first heap   total reserved 2017280K, committed 48128K, used 15880K [0x0000000084e00000, 0x0000000100000000)
  region size 1024K, 2 young (2048K), 2 survivors (2048K)
 Metaspace       used 27377K, committed 27840K, reserved 1114112K
  class space    used 3105K, committed 3328K, reserved 1048576K
}
Event: 32.770 GC heap before
{Heap before GC invocations=6 (full 0):
 garbage-first heap   total reserved 2017280K, committed 48128K, used 36360K [0x0000000084e00000, 0x0000000100000000)
  region size 1024K, 22 young (22528K), 2 survivors (2048K)
 Metaspace       used 30995K, committed 31552K, reserved 1114112K
  class space    used 3551K, committed 3776K, reserved 1048576K
}
Event: 32.777 GC heap after
{Heap after GC invocations=7 (full 0):
 garbage-first heap   total reserved 2017280K, committed 48128K, used 17650K [0x0000000084e00000, 0x0000000100000000)
  region size 1024K, 3 young (3072K), 3 survivors (3072K)
 Metaspace       used 30995K, committed 31552K, reserved 1114112K
  class space    used 3551K, committed 3776K, reserved 1048576K
}
Event: 33.139 GC heap before
{Heap before GC invocations=7 (full 0):
 garbage-first heap   total reserved 2017280K, committed 48128K, used 34034K [0x0000000084e00000, 0x0000000100000000)
  region size 1024K, 21 young (21504K), 3 survivors (3072K)
 Metaspace       used 35462K, committed 35968K, reserved 1114112K
  class space    used 3880K, committed 4096K, reserved 1048576K
}
Event: 33.146 GC heap after
{Heap after GC invocations=8 (full 0):
 garbage-first heap   total reserved 2017280K, committed 48128K, used 20065K [0x0000000084e00000, 0x0000000100000000)
  region size 1024K, 3 young (3072K), 3 survivors (3072K)
 Metaspace       used 35462K, committed 35968K, reserved 1114112K
  class space    used 3880K, committed 4096K, reserved 1048576K
}

Dll operation events (11 events):
Event: 0.019 Loaded shared library C:\Users\ismail\.jdks\openjdk-24.0.1\bin\java.dll
Event: 0.285 Loaded shared library C:\Users\ismail\.jdks\openjdk-24.0.1\bin\zip.dll
Event: 0.290 Loaded shared library C:\Users\ismail\.jdks\openjdk-24.0.1\bin\instrument.dll
Event: 0.300 Loaded shared library C:\Users\ismail\.jdks\openjdk-24.0.1\bin\net.dll
Event: 0.302 Loaded shared library C:\Users\ismail\.jdks\openjdk-24.0.1\bin\nio.dll
Event: 0.311 Loaded shared library C:\Users\ismail\.jdks\openjdk-24.0.1\bin\zip.dll
Event: 0.358 Loaded shared library C:\Users\ismail\.jdks\openjdk-24.0.1\bin\jimage.dll
Event: 0.506 Loaded shared library C:\Users\ismail\.jdks\openjdk-24.0.1\bin\extnet.dll
Event: 0.525 Loaded shared library C:\Users\ismail\.jdks\openjdk-24.0.1\bin\management.dll
Event: 0.540 Loaded shared library C:\Users\ismail\.jdks\openjdk-24.0.1\bin\management_ext.dll
Event: 2.794 Loaded shared library C:\Users\ismail\.jdks\openjdk-24.0.1\bin\sunmscapi.dll

Deoptimization events (2 events):
Event: 32.938 Thread 0x000001d54cc844e0 DEOPT PACKING pc=0x000001d54481d71c sp=0x0000008f3b4fef00
Event: 32.938 Thread 0x000001d54cc844e0 DEOPT UNPACKING pc=0x000001d544605722 sp=0x0000008f3b4fe398 mode 0

Classes loaded (20 events):
Event: 32.932 Loading class sun/util/resources/LocaleData$CommonResourceBundleProvider
Event: 32.932 Loading class sun/util/resources/LocaleData$LocaleDataResourceBundleProvider
Event: 32.932 Loading class java/util/spi/ResourceBundleProvider
Event: 32.932 Loading class java/util/spi/ResourceBundleProvider done
Event: 32.932 Loading class sun/util/resources/LocaleData$LocaleDataResourceBundleProvider done
Event: 32.932 Loading class sun/util/resources/LocaleData$CommonResourceBundleProvider done
Event: 32.961 Loading class java/io/FileOutputStream$1
Event: 32.961 Loading class java/io/FileOutputStream$1 done
Event: 33.010 Loading class sun/security/util/MemoryCache$QueueCacheEntry
Event: 33.010 Loading class sun/security/util/MemoryCache$QueueCacheEntry done
Event: 33.010 Loading class jdk/internal/event/EventHelper$ThreadTrackHolder
Event: 33.010 Loading class jdk/internal/event/EventHelper$ThreadTrackHolder done
Event: 33.025 Loading class sun/util/ResourceBundleEnumeration
Event: 33.025 Loading class sun/util/ResourceBundleEnumeration done
Event: 33.243 Loading class java/lang/ExceptionInInitializerError
Event: 33.243 Loading class java/lang/ExceptionInInitializerError done
Event: 33.244 Loading class java/io/FileWriter
Event: 33.244 Loading class java/io/FileWriter done
Event: 33.369 Loading class java/lang/NegativeArraySizeException
Event: 33.369 Loading class java/lang/NegativeArraySizeException done

Classes unloaded (20 events):
Event: 33.174 Thread 0x000001d54c0e92e0 Unloading class 0x000001d54e0d0000 'java/lang/invoke/LambdaForm$MH+0x000001d54e0d0000'
Event: 33.174 Thread 0x000001d54c0e92e0 Unloading class 0x000001d54e0cbc00 'java/lang/invoke/LambdaForm$MH+0x000001d54e0cbc00'
Event: 33.174 Thread 0x000001d54c0e92e0 Unloading class 0x000001d54e0cb800 'java/lang/invoke/LambdaForm$MH+0x000001d54e0cb800'
Event: 33.174 Thread 0x000001d54c0e92e0 Unloading class 0x000001d54e0ca400 'java/lang/invoke/LambdaForm$MH+0x000001d54e0ca400'
Event: 33.174 Thread 0x000001d54c0e92e0 Unloading class 0x000001d54e0c9c00 'java/lang/invoke/LambdaForm$MH+0x000001d54e0c9c00'
Event: 33.174 Thread 0x000001d54c0e92e0 Unloading class 0x000001d54e0c9800 'java/lang/invoke/LambdaForm$MH+0x000001d54e0c9800'
Event: 33.174 Thread 0x000001d54c0e92e0 Unloading class 0x000001d54e0c9400 'java/lang/invoke/LambdaForm$MH+0x000001d54e0c9400'
Event: 33.174 Thread 0x000001d54c0e92e0 Unloading class 0x000001d54e0c9000 'java/lang/invoke/LambdaForm$BMH+0x000001d54e0c9000'
Event: 33.174 Thread 0x000001d54c0e92e0 Unloading class 0x000001d54e0c8000 'java/lang/invoke/LambdaForm$MH+0x000001d54e0c8000'
Event: 33.174 Thread 0x000001d54c0e92e0 Unloading class 0x000001d54e0c5c00 'java/lang/invoke/LambdaForm$MH+0x000001d54e0c5c00'
Event: 33.174 Thread 0x000001d54c0e92e0 Unloading class 0x000001d54e0c0400 'java/lang/invoke/LambdaForm$MH+0x000001d54e0c0400'
Event: 33.174 Thread 0x000001d54c0e92e0 Unloading class 0x000001d54e0c0000 'java/lang/invoke/LambdaForm$MH+0x000001d54e0c0000'
Event: 33.174 Thread 0x000001d54c0e92e0 Unloading class 0x000001d54e008c00 'java/lang/invoke/LambdaForm$DMH+0x000001d54e008c00'
Event: 33.174 Thread 0x000001d54c0e92e0 Unloading class 0x000001d54e008400 'java/lang/invoke/LambdaForm$DMH+0x000001d54e008400'
Event: 33.174 Thread 0x000001d54c0e92e0 Unloading class 0x000001d54e007c00 'java/lang/invoke/LambdaForm$DMH+0x000001d54e007c00'
Event: 33.174 Thread 0x000001d54c0e92e0 Unloading class 0x000001d54e007800 'java/lang/invoke/LambdaForm$DMH+0x000001d54e007800'
Event: 33.174 Thread 0x000001d54c0e92e0 Unloading class 0x000001d54e003c00 'java/lang/invoke/LambdaForm$MH+0x000001d54e003c00'
Event: 33.174 Thread 0x000001d54c0e92e0 Unloading class 0x000001d54e003800 'java/lang/invoke/LambdaForm$MH+0x000001d54e003800'
Event: 33.174 Thread 0x000001d54c0e92e0 Unloading class 0x000001d54e002c00 'java/lang/invoke/LambdaForm$MH+0x000001d54e002c00'
Event: 33.174 Thread 0x000001d54c0e92e0 Unloading class 0x000001d54e002400 'java/lang/invoke/LambdaForm$MH+0x000001d54e002400'

Classes redefined (0 events):
No events

Internal exceptions (20 events):
Event: 5.904 Thread 0x000001d53bd0bd60 Exception <a 'java/lang/NoSuchMethodError'{0x00000000870ece70}: 'java.lang.Object java.lang.invoke.DirectMethodHandle$Holder.newInvokeSpecial(java.lang.Object, java.lang.Object, int, java.lang.Object, java.lang.Object)'> (0x00000000870ece70) 
thrown [s\open\src\hotspot\share\interpreter\linkResolver.cpp, line 805]
Event: 6.243 Thread 0x000001d54cc844e0 Exception <a 'java/lang/NoSuchMethodError'{0x0000000086dbc9f0}: 'java.lang.Object java.lang.invoke.DirectMethodHandle$Holder.invokeInterface(java.lang.Object, java.lang.Object, java.lang.Object, java.lang.Object, java.lang.Object, java.lang.Object, java.lang.Object)'> (0x0000000086dbc9f0) 
thrown [s\open\src\hotspot\share\interpreter\linkResolver.cpp, line 805]
Event: 6.246 Thread 0x000001d54cc844e0 Exception <a 'java/lang/NoSuchMethodError'{0x0000000086c1e5a8}: 'java.lang.Object java.lang.invoke.DirectMethodHandle$Holder.invokeStatic(java.lang.Object, java.lang.Object, java.lang.Object, java.lang.Object, java.lang.Object, java.lang.Object, java.lang.Object, java.lang.Object, java.lang.Object, java.lang.Object)'> (0x0000000086c1e5a8) 
thrown [s\open\src\hotspot\share\interpreter\linkResolver.cpp, line 805]
Event: 32.594 Thread 0x000001d592e88b80 Exception <a 'java/lang/NoSuchMethodError'{0x0000000086b4e280}: 'java.lang.Object java.lang.invoke.DirectMethodHandle$Holder.invokeStatic(java.lang.Object, java.lang.Object, java.lang.Object, int, int)'> (0x0000000086b4e280) 
thrown [s\open\src\hotspot\share\interpreter\linkResolver.cpp, line 805]
Event: 32.594 Thread 0x000001d592e88b80 Exception <a 'java/lang/NoSuchMethodError'{0x0000000086b56220}: 'java.lang.Object java.lang.invoke.DirectMethodHandle$Holder.invokeStaticInit(java.lang.Object, java.lang.Object, java.lang.Object, int, int)'> (0x0000000086b56220) 
thrown [s\open\src\hotspot\share\interpreter\linkResolver.cpp, line 805]
Event: 32.645 Thread 0x000001d5926c1c70 Exception <a 'java/lang/NoSuchMethodError'{0x0000000086a59e78}: 'java.lang.Object java.lang.invoke.DirectMethodHandle$Holder.invokeSpecial(java.lang.Object, java.lang.Object, java.lang.Object, java.lang.Object, java.lang.Object, long)'> (0x0000000086a59e78) 
thrown [s\open\src\hotspot\share\interpreter\linkResolver.cpp, line 805]
Event: 32.646 Thread 0x000001d5926c1c70 Exception <a 'java/lang/NoSuchMethodError'{0x0000000086a62798}: 'java.lang.Object java.lang.invoke.DirectMethodHandle$Holder.invokeSpecial(java.lang.Object, java.lang.Object, java.lang.Object, java.lang.Object, java.lang.Object, java.lang.Object, long)'> (0x0000000086a62798) 
thrown [s\open\src\hotspot\share\interpreter\linkResolver.cpp, line 805]
Event: 32.646 Thread 0x000001d5926c1c70 Exception <a 'java/lang/NoSuchMethodError'{0x0000000086a66b00}: 'java.lang.Object java.lang.invoke.DelegatingMethodHandle$Holder.reinvoke_L(java.lang.Object, java.lang.Object, java.lang.Object, java.lang.Object, java.lang.Object, long)'> (0x0000000086a66b00) 
thrown [s\open\src\hotspot\share\interpreter\linkResolver.cpp, line 805]
Event: 32.647 Thread 0x000001d5926c1c70 Exception <a 'java/lang/NoSuchMethodError'{0x0000000086a7aee8}: 'java.lang.Object java.lang.invoke.Invokers$Holder.linkToTargetMethod(java.lang.Object, java.lang.Object, java.lang.Object, long, java.lang.Object)'> (0x0000000086a7aee8) 
thrown [s\open\src\hotspot\share\interpreter\linkResolver.cpp, line 805]
Event: 32.782 Thread 0x000001d5926c1c70 Exception <a 'java/lang/NoSuchMethodError'{0x00000000fff31020}: 'int java.lang.invoke.DirectMethodHandle$Holder.invokeVirtual(java.lang.Object, java.lang.Object, java.lang.Object)'> (0x00000000fff31020) 
thrown [s\open\src\hotspot\share\interpreter\linkResolver.cpp, line 805]
Event: 32.807 Thread 0x000001d5926c1c70 Exception <a 'java/lang/NoSuchMethodError'{0x000000008b5d6720}: 'int java.lang.invoke.DirectMethodHandle$Holder.invokeStatic(java.lang.Object, int, java.lang.Object)'> (0x000000008b5d6720) 
thrown [s\open\src\hotspot\share\interpreter\linkResolver.cpp, line 805]
Event: 32.869 Thread 0x000001d5926c1c70 Exception <a 'java/io/IOException'{0x000000008b206a90}> (0x000000008b206a90) 
thrown [s\open\src\hotspot\share\prims\jni.cpp, line 518]
Event: 32.870 Thread 0x000001d5926c1c70 Exception <a 'java/io/IOException'{0x000000008b2074b8}> (0x000000008b2074b8) 
thrown [s\open\src\hotspot\share\prims\jni.cpp, line 518]
Event: 32.870 Thread 0x000001d5926c1c70 Exception <a 'java/io/IOException'{0x000000008b207ee0}> (0x000000008b207ee0) 
thrown [s\open\src\hotspot\share\prims\jni.cpp, line 518]
Event: 32.918 Thread 0x000001d5926c1c70 Exception <a 'java/io/IOException'{0x000000008b02ffe0}> (0x000000008b02ffe0) 
thrown [s\open\src\hotspot\share\prims\jni.cpp, line 518]
Event: 33.318 Thread 0x000001d5926c1c70 Exception <a 'java/lang/NoSuchMethodError'{0x000000008b184c18}: 'void java.lang.invoke.Invokers$Holder.invokeExact_MT(java.lang.Object, java.lang.Object, java.lang.Object)'> (0x000000008b184c18) 
thrown [s\open\src\hotspot\share\interpreter\linkResolver.cpp, line 805]
Event: 33.390 Thread 0x000001d5926c1c70 Exception <a 'java/io/IOException'{0x000000008b0b6ae8}> (0x000000008b0b6ae8) 
thrown [s\open\src\hotspot\share\prims\jni.cpp, line 518]
Event: 33.394 Thread 0x000001d5926c1c70 Exception <a 'java/io/IOException'{0x000000008b0b8a08}> (0x000000008b0b8a08) 
thrown [s\open\src\hotspot\share\prims\jni.cpp, line 518]
Event: 33.395 Thread 0x000001d5926c1c70 Exception <a 'java/io/IOException'{0x000000008b0ba3c0}> (0x000000008b0ba3c0) 
thrown [s\open\src\hotspot\share\prims\jni.cpp, line 518]
Event: 33.403 Thread 0x000001d5926c1c70 Exception <a 'java/io/IOException'{0x000000008b0c8750}> (0x000000008b0c8750) 
thrown [s\open\src\hotspot\share\prims\jni.cpp, line 518]

VM Operations (20 events):
Event: 32.778 Executing VM operation: HandshakeAllThreads (Deoptimize)
Event: 32.778 Executing VM operation: HandshakeAllThreads (Deoptimize) done
Event: 32.808 Executing VM operation: HandshakeAllThreads (Deoptimize)
Event: 32.808 Executing VM operation: HandshakeAllThreads (Deoptimize) done
Event: 32.818 Executing VM operation: HandshakeAllThreads (Deoptimize)
Event: 32.818 Executing VM operation: HandshakeAllThreads (Deoptimize) done
Event: 32.838 Executing VM operation: HandshakeAllThreads (Deoptimize)
Event: 32.838 Executing VM operation: HandshakeAllThreads (Deoptimize) done
Event: 32.886 Executing VM operation: HandshakeAllThreads (Deoptimize)
Event: 32.886 Executing VM operation: HandshakeAllThreads (Deoptimize) done
Event: 32.919 Executing VM operation: HandshakeAllThreads (Deoptimize)
Event: 32.919 Executing VM operation: HandshakeAllThreads (Deoptimize) done
Event: 33.139 Executing VM operation: CollectForMetadataAllocation (Metadata GC Threshold)
Event: 33.147 Executing VM operation: CollectForMetadataAllocation (Metadata GC Threshold) done
Event: 33.162 Executing VM operation: CollectForMetadataAllocation (Metadata GC Threshold)
Event: 33.162 Executing VM operation: CollectForMetadataAllocation (Metadata GC Threshold) done
Event: 33.173 Executing VM operation: G1PauseRemark
Event: 33.179 Executing VM operation: G1PauseRemark done
Event: 33.192 Executing VM operation: G1PauseCleanup
Event: 33.192 Executing VM operation: G1PauseCleanup done

Memory protections (0 events):
No events

Nmethod flushes (20 events):
Event: 33.178 Thread 0x000001d54c0e92e0 flushing  nmethod 0x000001d544a66c88
Event: 33.178 Thread 0x000001d54c0e92e0 flushing  nmethod 0x000001d544a67108
Event: 33.178 Thread 0x000001d54c0e92e0 flushing  nmethod 0x000001d544bbac08
Event: 33.178 Thread 0x000001d54c0e92e0 flushing  nmethod 0x000001d544c12008
Event: 33.178 Thread 0x000001d54c0e92e0 flushing  nmethod 0x000001d544c12308
Event: 33.178 Thread 0x000001d54c0e92e0 flushing  nmethod 0x000001d5446d8e88
Event: 33.178 Thread 0x000001d54c0e92e0 flushing  nmethod 0x000001d54470d808
Event: 33.178 Thread 0x000001d54c0e92e0 flushing  nmethod 0x000001d54482df08
Event: 33.178 Thread 0x000001d54c0e92e0 flushing  nmethod 0x000001d54482f708
Event: 33.178 Thread 0x000001d54c0e92e0 flushing  nmethod 0x000001d544831b08
Event: 33.178 Thread 0x000001d54c0e92e0 flushing  nmethod 0x000001d544884088
Event: 33.178 Thread 0x000001d54c0e92e0 flushing osr nmethod 0x000001d544889308
Event: 33.178 Thread 0x000001d54c0e92e0 flushing  nmethod 0x000001d5448a0008
Event: 33.178 Thread 0x000001d54c0e92e0 flushing  nmethod 0x000001d5448d1708
Event: 33.178 Thread 0x000001d54c0e92e0 flushing  nmethod 0x000001d5448f9908
Event: 33.178 Thread 0x000001d54c0e92e0 flushing  nmethod 0x000001d544959408
Event: 33.178 Thread 0x000001d54c0e92e0 flushing  nmethod 0x000001d544a1f988
Event: 33.178 Thread 0x000001d54c0e92e0 flushing  nmethod 0x000001d544a35808
Event: 33.178 Thread 0x000001d54c0e92e0 flushing  nmethod 0x000001d544a70008
Event: 33.178 Thread 0x000001d54c0e92e0 flushing  nmethod 0x000001d544c13188

Events (20 events):
Event: 5.913 Thread 0x000001d53bd0bd60 Thread added: 0x000001d592e85fa0
Event: 5.913 Thread 0x000001d53bd0bd60 Thread added: 0x000001d592e83b10
Event: 5.913 Thread 0x000001d53bd0bd60 Thread added: 0x000001d592e85100
Event: 5.913 Thread 0x000001d53bd0bd60 Thread added: 0x000001d592e866f0
Event: 5.913 Thread 0x000001d53bd0bd60 Thread added: 0x000001d592e87590
Event: 5.914 Thread 0x000001d53bd0bd60 Thread added: 0x000001d592e84260
Event: 5.914 Thread 0x000001d53bd0bd60 Thread added: 0x000001d592e85850
Event: 5.927 Thread 0x000001d53bd0bd60 Thread added: 0x000001d592e849b0
Event: 5.929 Thread 0x000001d53bd0bd60 Thread added: 0x000001d592e88b80
Event: 5.961 Thread 0x000001d53bd0bd60 Thread exited: 0x000001d53bd0bd60
Event: 5.961 Thread 0x000001d592e86e40 Thread added: 0x000001d592e86e40
Event: 6.234 Thread 0x000001d54cc844e0 Thread added: 0x000001d592e87ce0
Event: 6.238 Thread 0x000001d592e87ce0 Thread exited: 0x000001d592e87ce0
Event: 6.239 Thread 0x000001d54cc844e0 Thread added: 0x000001d592e8a170
Event: 6.248 Thread 0x000001d592e8a170 Thread exited: 0x000001d592e8a170
Event: 6.249 Thread 0x000001d54cc844e0 Thread added: 0x000001d592e89a20
Event: 6.258 Thread 0x000001d592e89a20 Thread exited: 0x000001d592e89a20
Event: 7.123 Thread 0x000001d54c280f60 Thread exited: 0x000001d54c280f60
Event: 9.178 Thread 0x000001d54c2807d0 Thread exited: 0x000001d54c2807d0
Event: 33.387 Thread 0x000001d54c102eb0 Thread added: 0x000001d54c353060


Dynamic libraries:
0x00007ff7a93e0000 - 0x00007ff7a93ee000 	C:\Users\ismail\.jdks\openjdk-24.0.1\bin\java.exe
0x00007ffb49cf0000 - 0x00007ffb49ee8000 	C:\Windows\SYSTEM32\ntdll.dll
0x00007ffb49ad0000 - 0x00007ffb49b92000 	C:\Windows\System32\KERNEL32.DLL
0x00007ffb478d0000 - 0x00007ffb47bc6000 	C:\Windows\System32\KERNELBASE.dll
0x00007ffb47780000 - 0x00007ffb47880000 	C:\Windows\System32\ucrtbase.dll
0x00007ffb434f0000 - 0x00007ffb43506000 	C:\Users\ismail\.jdks\openjdk-24.0.1\bin\jli.dll
0x00007ffb48580000 - 0x00007ffb4871d000 	C:\Windows\System32\USER32.dll
0x00007ffb47380000 - 0x00007ffb473a2000 	C:\Windows\System32\win32u.dll
0x00007ffb49450000 - 0x00007ffb4947b000 	C:\Windows\System32\GDI32.dll
0x00007ffb47510000 - 0x00007ffb4762a000 	C:\Windows\System32\gdi32full.dll
0x00007ffb47630000 - 0x00007ffb476cd000 	C:\Windows\System32\msvcp_win.dll
0x00007ffb434b0000 - 0x00007ffb434cb000 	C:\Users\ismail\.jdks\openjdk-24.0.1\bin\VCRUNTIME140.dll
0x00007ffb2f640000 - 0x00007ffb2f8da000 	C:\Windows\WinSxS\amd64_microsoft.windows.common-controls_6595b64144ccf1df_6.0.19041.4355_none_60b8b9eb71f62e16\COMCTL32.dll
0x00007ffb495b0000 - 0x00007ffb4964e000 	C:\Windows\System32\msvcrt.dll
0x00007ffb49420000 - 0x00007ffb4944f000 	C:\Windows\System32\IMM32.DLL
0x00007ffb43520000 - 0x00007ffb4352c000 	C:\Users\ismail\.jdks\openjdk-24.0.1\bin\vcruntime140_1.dll
0x00007ffb181a0000 - 0x00007ffb1822e000 	C:\Users\ismail\.jdks\openjdk-24.0.1\bin\msvcp140.dll
0x00007ffafb6d0000 - 0x00007ffafc472000 	C:\Users\ismail\.jdks\openjdk-24.0.1\bin\server\jvm.dll
0x00007ffb49ba0000 - 0x00007ffb49c4f000 	C:\Windows\System32\ADVAPI32.dll
0x00007ffb481d0000 - 0x00007ffb4826f000 	C:\Windows\System32\sechost.dll
0x00007ffb47d40000 - 0x00007ffb47e63000 	C:\Windows\System32\RPCRT4.dll
0x00007ffb476d0000 - 0x00007ffb476f7000 	C:\Windows\System32\bcrypt.dll
0x00007ffb49110000 - 0x00007ffb4917b000 	C:\Windows\System32\WS2_32.dll
0x00007ffb46910000 - 0x00007ffb4695b000 	C:\Windows\SYSTEM32\POWRPROF.dll
0x00007ffb38330000 - 0x00007ffb38357000 	C:\Windows\SYSTEM32\WINMM.dll
0x00007ffb3c970000 - 0x00007ffb3c97a000 	C:\Windows\SYSTEM32\VERSION.dll
0x00007ffb46780000 - 0x00007ffb46792000 	C:\Windows\SYSTEM32\UMPDC.dll
0x00007ffb45290000 - 0x00007ffb452a2000 	C:\Windows\SYSTEM32\kernel.appcore.dll
0x00007ffb434a0000 - 0x00007ffb434aa000 	C:\Users\ismail\.jdks\openjdk-24.0.1\bin\jimage.dll
0x00007ffb38ca0000 - 0x00007ffb38e84000 	C:\Windows\SYSTEM32\DBGHELP.DLL
0x00007ffb366b0000 - 0x00007ffb366e4000 	C:\Windows\SYSTEM32\dbgcore.DLL
0x00007ffb47c80000 - 0x00007ffb47d02000 	C:\Windows\System32\bcryptPrimitives.dll
0x00007ffb43490000 - 0x00007ffb4349f000 	C:\Users\ismail\.jdks\openjdk-24.0.1\bin\instrument.dll
0x00007ffb42d20000 - 0x00007ffb42d3e000 	C:\Users\ismail\.jdks\openjdk-24.0.1\bin\java.dll
0x00007ffb49480000 - 0x00007ffb495ab000 	C:\Windows\System32\ole32.dll
0x00007ffb47e70000 - 0x00007ffb481c5000 	C:\Windows\System32\combase.dll
0x00007ffb48930000 - 0x00007ffb4909f000 	C:\Windows\System32\SHELL32.dll
0x00007ffb45400000 - 0x00007ffb45ba3000 	C:\Windows\SYSTEM32\windows.storage.dll
0x00007ffb46db0000 - 0x00007ffb46ddb000 	C:\Windows\SYSTEM32\Wldp.dll
0x00007ffb48270000 - 0x00007ffb4833d000 	C:\Windows\System32\OLEAUT32.dll
0x00007ffb487a0000 - 0x00007ffb4884d000 	C:\Windows\System32\SHCORE.dll
0x00007ffb49180000 - 0x00007ffb491d5000 	C:\Windows\System32\shlwapi.dll
0x00007ffb472b0000 - 0x00007ffb472d5000 	C:\Windows\SYSTEM32\profapi.dll
0x00007ffb2d200000 - 0x00007ffb2d217000 	C:\Users\ismail\.jdks\openjdk-24.0.1\bin\zip.dll
0x00007ffb42af0000 - 0x00007ffb42b00000 	C:\Users\ismail\.jdks\openjdk-24.0.1\bin\net.dll
0x00007ffb46b10000 - 0x00007ffb46b7c000 	C:\Windows\system32\mswsock.dll
0x00007ffb2d080000 - 0x00007ffb2d096000 	C:\Users\ismail\.jdks\openjdk-24.0.1\bin\nio.dll
0x00007ffb467f0000 - 0x00007ffb468ba000 	C:\Windows\SYSTEM32\DNSAPI.dll
0x00007ffb467a0000 - 0x00007ffb467db000 	C:\Windows\SYSTEM32\IPHLPAPI.DLL
0x00007ffb490a0000 - 0x00007ffb490a8000 	C:\Windows\System32\NSI.dll
0x00007ffb3fc50000 - 0x00007ffb3fc5a000 	C:\Windows\System32\rasadhlp.dll
0x00007ffb40740000 - 0x00007ffb407c0000 	C:\Windows\System32\fwpuclnt.dll
0x00007ffb42890000 - 0x00007ffb42899000 	C:\Users\ismail\.jdks\openjdk-24.0.1\bin\extnet.dll
0x00007ffb425f0000 - 0x00007ffb425fa000 	C:\Users\ismail\.jdks\openjdk-24.0.1\bin\management.dll
0x00007ffb3bc40000 - 0x00007ffb3bc4b000 	C:\Users\ismail\.jdks\openjdk-24.0.1\bin\management_ext.dll
0x00007ffb47d10000 - 0x00007ffb47d18000 	C:\Windows\System32\PSAPI.DLL
0x00007ffb46d00000 - 0x00007ffb46d18000 	C:\Windows\SYSTEM32\CRYPTSP.dll
0x00007ffb463c0000 - 0x00007ffb463f8000 	C:\Windows\system32\rsaenh.dll
0x00007ffb47270000 - 0x00007ffb4729e000 	C:\Windows\SYSTEM32\USERENV.dll
0x00007ffb46d20000 - 0x00007ffb46d2c000 	C:\Windows\SYSTEM32\CRYPTBASE.dll
0x00007ffb33000000 - 0x00007ffb33017000 	C:\Windows\system32\napinsp.dll
0x00007ffb32fe0000 - 0x00007ffb32ffb000 	C:\Windows\system32\pnrpnsp.dll
0x00007ffb32fc0000 - 0x00007ffb32fd5000 	C:\Windows\system32\wshbth.dll
0x00007ffb433b0000 - 0x00007ffb433cd000 	C:\Windows\system32\NLAapi.dll
0x00007ffb31ee0000 - 0x00007ffb31ef2000 	C:\Windows\System32\winrnr.dll
0x00007ffb38a60000 - 0x00007ffb38ab1000 	C:\Windows\SYSTEM32\pdh.dll
0x00007ffb39690000 - 0x00007ffb396f5000 	C:\Windows\system32\mscoree.dll
0x00007ffb38f40000 - 0x00007ffb38fdb000 	C:\Windows\Microsoft.NET\Framework64\v4.0.30319\mscoreei.dll
0x00007ffb2cff0000 - 0x00007ffb2d015000 	C:\Windows\Microsoft.NET\Framework64\v4.0.30319\CorperfmonExt.dll
0x00007ffb37eb0000 - 0x00007ffb37ebc000 	C:\Windows\SYSTEM32\VCRUNTIME140_1_CLR0400.dll
0x00007ffb2d060000 - 0x00007ffb2d07b000 	C:\Windows\SYSTEM32\VCRUNTIME140_CLR0400.dll
0x00007ffb44e20000 - 0x00007ffb44e34000 	C:\Windows\SYSTEM32\WTSAPI32.dll
0x00007ffb01300000 - 0x00007ffb013cd000 	C:\Windows\SYSTEM32\ucrtbase_clr0400.dll
0x00007ffb2cc90000 - 0x00007ffb2cca5000 	C:\Windows\system32\msscntrs.dll
0x00007ffb34d10000 - 0x00007ffb34d1a000 	C:\Windows\System32\rasctrs.dll
0x00007ffb33950000 - 0x00007ffb33984000 	C:\Windows\SYSTEM32\rasman.dll
0x00007ffb34a40000 - 0x00007ffb34a48000 	C:\Windows\System32\tapiperf.dll
0x00007ffb33be0000 - 0x00007ffb33be8000 	C:\Windows\system32\usbperf.dll
0x00007ffb39920000 - 0x00007ffb3992f000 	C:\Windows\System32\perfproc.dll
0x00007ffb2cc50000 - 0x00007ffb2cc5f000 	C:\Windows\System32\perfos.dll
0x00007ffb2ebf0000 - 0x00007ffb2ebfe000 	C:\Users\ismail\.jdks\openjdk-24.0.1\bin\sunmscapi.dll
0x00007ffb473b0000 - 0x00007ffb4750d000 	C:\Windows\System32\CRYPT32.dll
0x00007ffb46e20000 - 0x00007ffb46e47000 	C:\Windows\SYSTEM32\ncrypt.dll
0x00007ffb46de0000 - 0x00007ffb46e1b000 	C:\Windows\SYSTEM32\NTASN1.dll
0x00007ffb37ec0000 - 0x00007ffb37ec7000 	C:\Windows\system32\wshunix.dll

JVMTI agents:
C:\Program Files\JetBrains\IntelliJ IDEA 2024.3.5\lib\idea_rt.jar path:C:\Users\ismail\.jdks\openjdk-24.0.1\bin\instrument.dll, loaded, initialized, instrumentlib options:50441

dbghelp: loaded successfully - version: 4.0.5 - missing functions: none
symbol engine: initialized successfully - sym options: 0x614 - pdb path: .;C:\Users\ismail\.jdks\openjdk-24.0.1\bin;C:\Windows\SYSTEM32;C:\Windows\WinSxS\amd64_microsoft.windows.common-controls_6595b64144ccf1df_6.0.19041.4355_none_60b8b9eb71f62e16;C:\Users\ismail\.jdks\openjdk-24.0.1\bin\server;C:\Windows\Microsoft.NET\Framework64\v4.0.30319

VM Arguments:
jvm_args: -XX:TieredStopAtLevel=1 -Dspring.output.ansi.enabled=always -Dcom.sun.management.jmxremote -Dspring.jmx.enabled=true -Dspring.liveBeansView.mbeanDomain -Dspring.application.admin.enabled=true -Dmanagement.endpoints.jmx.exposure.include=* -javaagent:C:\Program Files\JetBrains\IntelliJ IDEA 2024.3.5\lib\idea_rt.jar=50441 -Dfile.encoding=UTF-8 -Dsun.stdout.encoding=UTF-8 -Dsun.stderr.encoding=UTF-8 
java_command: com.ismail.Jobapp.JobappApplication
java_class_path (initial): C:\Users\ismail\Desktop\Jobapp\target\classes;C:\Users\ismail\.m2\repository\org\springframework\boot\spring-boot-starter-web\3.5.0-SNAPSHOT\spring-boot-starter-web-3.5.0-20250510.034029-467.jar;C:\Users\ismail\.m2\repository\org\springframework\boot\spring-boot-starter\3.5.0-SNAPSHOT\spring-boot-starter-3.5.0-20250510.034029-467.jar;C:\Users\ismail\.m2\repository\org\springframework\boot\spring-boot\3.5.0-SNAPSHOT\spring-boot-3.5.0-20250510.034029-467.jar;C:\Users\ismail\.m2\repository\org\springframework\boot\spring-boot-autoconfigure\3.5.0-SNAPSHOT\spring-boot-autoconfigure-3.5.0-20250510.034029-467.jar;C:\Users\ismail\.m2\repository\org\springframework\boot\spring-boot-starter-logging\3.5.0-SNAPSHOT\spring-boot-starter-logging-3.5.0-20250510.034029-467.jar;C:\Users\ismail\.m2\repository\ch\qos\logback\logback-classic\1.5.18\logback-classic-1.5.18.jar;C:\Users\ismail\.m2\repository\ch\qos\logback\logback-core\1.5.18\logback-core-1.5.18.jar;C:\Users\ismail\.m2\repository\org\apache\logging\log4j\log4j-to-slf4j\2.24.3\log4j-to-slf4j-2.24.3.jar;C:\Users\ismail\.m2\repository\org\apache\logging\log4j\log4j-api\2.24.3\log4j-api-2.24.3.jar;C:\Users\ismail\.m2\repository\org\slf4j\jul-to-slf4j\2.0.17\jul-to-slf4j-2.0.17.jar;C:\Users\ismail\.m2\repository\jakarta\annotation\jakarta.annotation-api\2.1.1\jakarta.annotation-api-2.1.1.jar;C:\Users\ismail\.m2\repository\org\yaml\snakeyaml\2.4\snakeyaml-2.4.jar;C:\Users\ismail\.m2\repository\org\springframework\boot\spring-boot-starter-json\3.5.0-SNAPSHOT\spring-boot-starter-json-3.5.0-20250510.034029-467.jar;C:\Users\ismail\.m2\repository\com\fasterxml\jackson\core\jackson-databind\2.18.4\jackson-databind-2.18.4.jar;C:\Users\ismail\.m2\repository\com\fasterxml\jackson\core\jackson-annotations\2.18.4\jackson-annotations-2.18.4.jar;C:\Users\ismail\.m2\repository\com\fasterxml\jackson\core\jackson-core\2.18.4\jackson-core-2.18.4.jar;C:\Users\ismail\.m2\repository\com\fasterxml\jackson\datatype\jackson-datatype-jdk8\2.18.4\jackson-datatype-jdk8-2.18.4.jar;C:\Users\ismail\.m2\repository\com\fasterxml\jackson\datatype\jackson-datatype-jsr310\2.18.4\jackson-datatype-jsr310-2.18.4.jar;C:\Users\ismail\.m2\repository\com\fasterxml\jackson\module\jackson-module-parameter-names\2.18.4\jackson-module-parameter-names-2.18.4.jar;C:\Users\ismail\.m2\repository\org\springframework\boot\spring-boot-starter-tomcat\3.5.0-SNAPSHOT\spring-boot-starter-tomcat-3.5.0-20250510.034029-467.jar;C:\Users\ismail\.m2\repository\org\apache\tomcat\embed\tomcat-embed-core\10.1.40\tomcat-embed-core-10.1.40.jar;C:\Users\ismail\.m2\repository\org\apache\tomcat\embed\tomcat-embed-el\10.1.40\tomcat-embed-el-10.1.40.jar;C:\Users\ismail\.m2\repository\org\apache\tomcat\embed\tomcat-embed-websocket\10.1.40\tomcat-embed-websocket-10.1.40.jar;C:\Users\ismail\.m2\repository\org\springframework\spring-web\6.2.7-SNAPSHOT\spring-web-6.2.7-20250511.144538-38.jar;C:\Users\ismail\.m2\repository\org\springframework\spring-beans\6.2.7-SNAPSHOT\spring-beans-6.2.7-20250511.144538-38.jar;C:\Users\ismail\.m2\repository\io\micrometer\micrometer-observation\1.15.0-SNAPSHOT\micrometer-observation-1.15.0-20250509.220819-323.jar;C:\Users\ismail\.m2\repository\io\micrometer\micrometer-commons\1.15.0-SNAPSHOT\micrometer-commons-1.15.0-20250509.220819-321.jar;C:\Users\ismail\.m2\repository\org\springframework\spring-webmvc\6.2.7-SNAPSHOT\spring-webmvc-6.2.7-20250511.144538-38.jar;C:\Users\ismail\.m2\repository\org\springframework\spring-aop\6.2.7-SNAPSHOT\spring-aop-6.2.7-20250511.144538-38.jar;C:\Users\ismail\.m2\repository\org\springframework\spring-context\6.2.7-SNAPSHOT\spring-context-6.2.7-20250511.144538-38.jar;C:\Users\ismail\.m2\repository\org\springframework\spring-expression\6.2.7-SNAPSHOT\spring-expression-6.2.7-20250511.144538-38.jar;C:\Users\ismail\.m2\repository\org\apache\tomcat\tomcat-jasper\10.1.16\tomcat-jasper-10.1.16.jar;C:\Users\ismail\.m2\repository\org\apache\tomcat\tomcat-servlet-api\10.1.16\tomcat-servlet-api-10.1.16.jar;C:\Users\ismail\.m2\repository\org\apache\tomcat\tomcat-juli\10.1.16\tomcat-juli-10.1.16.jar;C:\Users\ismail\.m2\repository\org\apache\tomcat\tomcat-jsp-api\10.1.40\tomcat-jsp-api-10.1.40.jar;C:\Users\ismail\.m2\repository\org\apache\tomcat\tomcat-el-api\10.1.16\tomcat-el-api-10.1.16.jar;C:\Users\ismail\.m2\repository\org\eclipse\jdt\ecj\3.33.0\ecj-3.33.0.jar;C:\Users\ismail\.m2\repository\org\apache\tomcat\tomcat-jasper-el\10.1.16\tomcat-jasper-el-10.1.16.jar;C:\Users\ismail\.m2\repository\org\apache\tomcat\tomcat-api\10.1.16\tomcat-api-10.1.16.jar;C:\Users\ismail\.m2\repository\org\apache\tomcat\tomcat-util-scan\10.1.16\tomcat-util-scan-10.1.16.jar;C:\Users\ismail\.m2\repository\org\apache\tomcat\tomcat-util\10.1.16\tomcat-util-10.1.16.jar;C:\Users\ismail\.m2\repository\jakarta\servlet\jsp\jstl\jakarta.servlet.jsp.jstl-api\3.0.2\jakarta.servlet.jsp.jstl-api-3.0.2.jar;C:\Users\ismail\.m2\repository\jakarta\servlet\jakarta.servlet-api\6.0.0\jakarta.servlet-api-6.0.0.jar;C:\Users\ismail\.m2\repository\jakarta\el\jakarta.el-api\5.0.0\jakarta.el-api-5.0.0.jar;C:\Users\ismail\.m2\repository\org\glassfish\web\jakarta.servlet.jsp.jstl\3.0.1\jakarta.servlet.jsp.jstl-3.0.1.jar;C:\Users\ismail\.m2\repository\javax\servlet\jstl\1.2\jstl-1.2.jar;C:\Users\ismail\.m2\repository\org\projectlombok\lombok\1.18.38\lombok-1.18.38.jar;C:\Users\ismail\.m2\repository\org\slf4j\slf4j-api\2.0.17\slf4j-api-2.0.17.jar;C:\Users\ismail\.m2\repository\org\springframework\spring-core\6.2.7-SNAPSHOT\spring-core-6.2.7-20250511.144538-38.jar;C:\Users\ismail\.m2\repository\org\springframework\spring-jcl\6.2.7-SNAPSHOT\spring-jcl-6.2.7-20250511.144538-38.jar
Launcher Type: SUN_STANDARD

[Global flags]
     intx CICompilerCount                          = 3                                         {product} {ergonomic}
     uint ConcGCThreads                            = 1                                         {product} {ergonomic}
     uint G1ConcRefinementThreads                  = 4                                         {product} {ergonomic}
   size_t G1HeapRegionSize                         = 1048576                                   {product} {ergonomic}
   size_t InitialHeapSize                          = 130023424                                 {product} {ergonomic}
     bool ManagementServer                         = true                                      {product} {command line}
   size_t MarkStackSize                            = 4194304                                   {product} {ergonomic}
   size_t MarkStackSizeMax                         = 536870912                                 {product} {ergonomic}
   size_t MaxHeapSize                              = 2065694720                                {product} {ergonomic}
   size_t MaxNewSize                               = 1239416832                                {product} {ergonomic}
   size_t MinHeapDeltaBytes                        = 1048576                                   {product} {ergonomic}
   size_t MinHeapSize                              = 8388608                                   {product} {ergonomic}
    uintx NonNMethodCodeHeapSize                   = 4096                                   {pd product} {ergonomic}
    uintx NonProfiledCodeHeapSize                  = 0                                      {pd product} {ergonomic}
     bool ProfileInterpreter                       = false                                  {pd product} {command line}
    uintx ProfiledCodeHeapSize                     = 0                                      {pd product} {ergonomic}
   size_t SoftMaxHeapSize                          = 2065694720                             {manageable} {ergonomic}
     intx TieredStopAtLevel                        = 1                                         {product} {command line}
     bool UseCompressedOops                        = true                           {product lp64_product} {ergonomic}
     bool UseG1GC                                  = true                                      {product} {ergonomic}
     bool UseLargePagesIndividualAllocation        = false                                  {pd product} {ergonomic}

Logging:
Log output configuration:
 #0: stdout all=warning uptime,level,tags foldmultilines=false
 #1: stderr all=off uptime,level,tags foldmultilines=false

Environment Variables:
JAVA_HOME=C:\Program Files\Java\jdk-21
CLASSPATH=C:\Program Files\Java\mysql-connector-j-9.3.0
PATH=C:\Program Files\Common Files\Oracle\Java\javapath;C:\Windows\system32;C:\Windows;C:\Windows\System32\Wbem;C:\Windows\System32\WindowsPowerShell\v1.0\;C:\Windows\System32\OpenSSH\;C:\Program Files\Java\jdk-21\bin;C:\Program Files\dotnet\;c:\Users\ismail\AppData\Local\Programs\cursor\resources\app\bin;C:\Users\ismail\AppData\Local\Microsoft\WindowsApps;;C:\Program Files\JetBrains\IntelliJ IDEA 2024.3.5\bin;;C:\Users\ismail\AppData\Local\Programs\cursor\resources\app\bin
USERNAME=ismail
OS=Windows_NT
PROCESSOR_IDENTIFIER=Intel64 Family 6 Model 69 Stepping 1, GenuineIntel
TMP=C:\Users\ismail\AppData\Local\Temp
TEMP=C:\Users\ismail\AppData\Local\Temp




Periodic native trim disabled

---------------  S Y S T E M  ---------------

OS:
 Windows 10 , 64 bit Build 19041 (10.0.19041.5678)
OS uptime: 0 days 23:00 hours

CPU: total 4 (initial active 4) (2 cores per cpu, 2 threads per core) family 6 model 69 stepping 1 microcode 0x26, cx8, cmov, fxsr, ht, mmx, sse, sse2, sse3, ssse3, sse4.1, sse4.2, popcnt, lzcnt, tsc, tscinvbit, avx, avx2, aes, erms, clmul, bmi1, bmi2, fma, vzeroupper, clflush, rdtscp, f16c
Processor Information for the first 4 processors :
  Max Mhz: 2694, Current Mhz: 2095, Mhz Limit: 2074

Memory: 4k page, system-wide physical 7879M (996M free)
TotalPageFile size 9927M (AvailPageFile size 298M)
current process WorkingSet (physical memory assigned to process): 160M, peak: 160M
current process commit charge ("private bytes"): 189M, peak: 242M

vm_info: OpenJDK 64-Bit Server VM (24.0.1+9-30) for windows-amd64 JRE (24.0.1+9-30), built on 2025-03-05T07:23:45Z with MS VC++ 17.6 (VS2022)

END.
